{"/Users/laynefaler/Documents/GitHub/take-home-assessment/frontend/src/App.js": {"path":"/Users/laynefaler/Documents/GitHub/take-home-assessment/frontend/src/App.js","statementMap":{"0":{"start":{"line":13,"column":68},"end":{"line":13,"column":77}},"1":{"start":{"line":14,"column":48},"end":{"line":14,"column":62}},"2":{"start":{"line":15,"column":36},"end":{"line":15,"column":56}},"3":{"start":{"line":17,"column":2},"end":{"line":27,"column":9}},"4":{"start":{"line":19,"column":4},"end":{"line":26,"column":5}},"5":{"start":{"line":20,"column":6},"end":{"line":25,"column":11}},"6":{"start":{"line":22,"column":10},"end":{"line":24,"column":11}},"7":{"start":{"line":29,"column":2},"end":{"line":100,"column":4}},"8":{"start":{"line":47,"column":25},"end":{"line":47,"column":49}},"9":{"start":{"line":53,"column":25},"end":{"line":53,"column":49}},"10":{"start":{"line":59,"column":25},"end":{"line":59,"column":53}},"11":{"start":{"line":65,"column":25},"end":{"line":65,"column":46}},"12":{"start":{"line":77,"column":30},"end":{"line":77,"column":54}}},"fnMap":{"0":{"name":"App","decl":{"start":{"line":12,"column":9},"end":{"line":12,"column":12}},"loc":{"start":{"line":12,"column":15},"end":{"line":101,"column":1}},"line":12},"1":{"name":"(anonymous_1)","decl":{"start":{"line":17,"column":12},"end":{"line":17,"column":13}},"loc":{"start":{"line":17,"column":18},"end":{"line":27,"column":3}},"line":17},"2":{"name":"(anonymous_2)","decl":{"start":{"line":21,"column":14},"end":{"line":21,"column":15}},"loc":{"start":{"line":21,"column":26},"end":{"line":25,"column":9}},"line":21},"3":{"name":"(anonymous_3)","decl":{"start":{"line":47,"column":19},"end":{"line":47,"column":20}},"loc":{"start":{"line":47,"column":25},"end":{"line":47,"column":49}},"line":47},"4":{"name":"(anonymous_4)","decl":{"start":{"line":53,"column":19},"end":{"line":53,"column":20}},"loc":{"start":{"line":53,"column":25},"end":{"line":53,"column":49}},"line":53},"5":{"name":"(anonymous_5)","decl":{"start":{"line":59,"column":19},"end":{"line":59,"column":20}},"loc":{"start":{"line":59,"column":25},"end":{"line":59,"column":53}},"line":59},"6":{"name":"(anonymous_6)","decl":{"start":{"line":65,"column":19},"end":{"line":65,"column":20}},"loc":{"start":{"line":65,"column":25},"end":{"line":65,"column":46}},"line":65},"7":{"name":"(anonymous_7)","decl":{"start":{"line":77,"column":24},"end":{"line":77,"column":25}},"loc":{"start":{"line":77,"column":30},"end":{"line":77,"column":54}},"line":77}},"branchMap":{"0":{"loc":{"start":{"line":19,"column":4},"end":{"line":26,"column":5}},"type":"if","locations":[{"start":{"line":19,"column":4},"end":{"line":26,"column":5}},{"start":{},"end":{}}],"line":19},"1":{"loc":{"start":{"line":22,"column":10},"end":{"line":24,"column":11}},"type":"if","locations":[{"start":{"line":22,"column":10},"end":{"line":24,"column":11}},{"start":{},"end":{}}],"line":22},"2":{"loc":{"start":{"line":46,"column":21},"end":{"line":46,"column":61}},"type":"cond-expr","locations":[{"start":{"line":46,"column":48},"end":{"line":46,"column":56}},{"start":{"line":46,"column":59},"end":{"line":46,"column":61}}],"line":46},"3":{"loc":{"start":{"line":52,"column":21},"end":{"line":52,"column":61}},"type":"cond-expr","locations":[{"start":{"line":52,"column":48},"end":{"line":52,"column":56}},{"start":{"line":52,"column":59},"end":{"line":52,"column":61}}],"line":52},"4":{"loc":{"start":{"line":58,"column":21},"end":{"line":58,"column":65}},"type":"cond-expr","locations":[{"start":{"line":58,"column":52},"end":{"line":58,"column":60}},{"start":{"line":58,"column":63},"end":{"line":58,"column":65}}],"line":58},"5":{"loc":{"start":{"line":64,"column":21},"end":{"line":64,"column":58}},"type":"cond-expr","locations":[{"start":{"line":64,"column":45},"end":{"line":64,"column":53}},{"start":{"line":64,"column":56},"end":{"line":64,"column":58}}],"line":64},"6":{"loc":{"start":{"line":72,"column":9},"end":{"line":85,"column":9}},"type":"binary-expr","locations":[{"start":{"line":72,"column":9},"end":{"line":72,"column":33}},{"start":{"line":73,"column":10},"end":{"line":84,"column":16}}],"line":72},"7":{"loc":{"start":{"line":74,"column":13},"end":{"line":83,"column":13}},"type":"cond-expr","locations":[{"start":{"line":75,"column":14},"end":{"line":78,"column":16}},{"start":{"line":80,"column":14},"end":{"line":82,"column":16}}],"line":74},"8":{"loc":{"start":{"line":87,"column":9},"end":{"line":89,"column":9}},"type":"binary-expr","locations":[{"start":{"line":87,"column":9},"end":{"line":87,"column":33}},{"start":{"line":88,"column":10},"end":{"line":88,"column":49}}],"line":87},"9":{"loc":{"start":{"line":91,"column":9},"end":{"line":93,"column":9}},"type":"binary-expr","locations":[{"start":{"line":91,"column":9},"end":{"line":91,"column":37}},{"start":{"line":92,"column":10},"end":{"line":92,"column":50}}],"line":91},"10":{"loc":{"start":{"line":95,"column":9},"end":{"line":97,"column":9}},"type":"binary-expr","locations":[{"start":{"line":95,"column":9},"end":{"line":95,"column":30}},{"start":{"line":96,"column":10},"end":{"line":96,"column":28}}],"line":95}},"s":{"0":0,"1":0,"2":0,"3":0,"4":0,"5":0,"6":0,"7":0,"8":0,"9":0,"10":0,"11":0,"12":0},"f":{"0":0,"1":0,"2":0,"3":0,"4":0,"5":0,"6":0,"7":0},"b":{"0":[0,0],"1":[0,0],"2":[0,0],"3":[0,0],"4":[0,0],"5":[0,0],"6":[0,0],"7":[0,0],"8":[0,0],"9":[0,0],"10":[0,0]}}
,"/Users/laynefaler/Documents/GitHub/take-home-assessment/frontend/src/index.js": {"path":"/Users/laynefaler/Documents/GitHub/take-home-assessment/frontend/src/index.js","statementMap":{"0":{"start":{"line":6,"column":13},"end":{"line":6,"column":65}},"1":{"start":{"line":7,"column":0},"end":{"line":11,"column":2}}},"fnMap":{},"branchMap":{},"s":{"0":0,"1":0},"f":{},"b":{}}
,"/Users/laynefaler/Documents/GitHub/take-home-assessment/frontend/src/components/ConsentManagement.js": {"path":"/Users/laynefaler/Documents/GitHub/take-home-assessment/frontend/src/components/ConsentManagement.js","statementMap":{"0":{"start":{"line":6,"column":26},"end":{"line":243,"column":1}},"1":{"start":{"line":7,"column":26},"end":{"line":7,"column":35}},"2":{"start":{"line":8,"column":34},"end":{"line":8,"column":46}},"3":{"start":{"line":9,"column":32},"end":{"line":9,"column":46}},"4":{"start":{"line":10,"column":28},"end":{"line":10,"column":42}},"5":{"start":{"line":11,"column":42},"end":{"line":11,"column":57}},"6":{"start":{"line":12,"column":46},"end":{"line":12,"column":61}},"7":{"start":{"line":13,"column":34},"end":{"line":16,"column":4}},"8":{"start":{"line":19,"column":2},"end":{"line":35,"column":21}},"9":{"start":{"line":20,"column":26},"end":{"line":32,"column":5}},"10":{"start":{"line":21,"column":6},"end":{"line":21,"column":23}},"11":{"start":{"line":22,"column":6},"end":{"line":22,"column":21}},"12":{"start":{"line":23,"column":6},"end":{"line":31,"column":7}},"13":{"start":{"line":24,"column":29},"end":{"line":24,"column":73}},"14":{"start":{"line":25,"column":25},"end":{"line":25,"column":73}},"15":{"start":{"line":26,"column":8},"end":{"line":26,"column":57}},"16":{"start":{"line":28,"column":8},"end":{"line":28,"column":30}},"17":{"start":{"line":30,"column":8},"end":{"line":30,"column":26}},"18":{"start":{"line":34,"column":4},"end":{"line":34,"column":20}},"19":{"start":{"line":38,"column":30},"end":{"line":80,"column":3}},"20":{"start":{"line":39,"column":4},"end":{"line":39,"column":23}},"21":{"start":{"line":40,"column":4},"end":{"line":43,"column":5}},"22":{"start":{"line":41,"column":6},"end":{"line":41,"column":48}},"23":{"start":{"line":42,"column":6},"end":{"line":42,"column":13}},"24":{"start":{"line":45,"column":4},"end":{"line":48,"column":5}},"25":{"start":{"line":46,"column":6},"end":{"line":46,"column":50}},"26":{"start":{"line":47,"column":6},"end":{"line":47,"column":13}},"27":{"start":{"line":50,"column":4},"end":{"line":79,"column":5}},"28":{"start":{"line":52,"column":22},"end":{"line":52,"column":92}},"29":{"start":{"line":55,"column":24},"end":{"line":55,"column":50}},"30":{"start":{"line":58,"column":26},"end":{"line":63,"column":7}},"31":{"start":{"line":65,"column":6},"end":{"line":65,"column":50}},"32":{"start":{"line":68,"column":6},"end":{"line":68,"column":50}},"33":{"start":{"line":69,"column":6},"end":{"line":69,"column":31}},"34":{"start":{"line":72,"column":27},"end":{"line":72,"column":71}},"35":{"start":{"line":73,"column":23},"end":{"line":73,"column":71}},"36":{"start":{"line":74,"column":6},"end":{"line":74,"column":55}},"37":{"start":{"line":76,"column":6},"end":{"line":76,"column":45}},"38":{"start":{"line":78,"column":6},"end":{"line":78,"column":56}},"39":{"start":{"line":83,"column":29},"end":{"line":101,"column":3}},"40":{"start":{"line":84,"column":4},"end":{"line":100,"column":5}},"41":{"start":{"line":85,"column":25},"end":{"line":88,"column":7}},"42":{"start":{"line":90,"column":6},"end":{"line":90,"column":60}},"43":{"start":{"line":93,"column":27},"end":{"line":93,"column":71}},"44":{"start":{"line":94,"column":23},"end":{"line":94,"column":71}},"45":{"start":{"line":95,"column":6},"end":{"line":95,"column":55}},"46":{"start":{"line":97,"column":6},"end":{"line":97,"column":55}},"47":{"start":{"line":99,"column":6},"end":{"line":99,"column":56}},"48":{"start":{"line":103,"column":2},"end":{"line":109,"column":3}},"49":{"start":{"line":104,"column":4},"end":{"line":108,"column":6}},"50":{"start":{"line":111,"column":2},"end":{"line":242,"column":4}},"51":{"start":{"line":117,"column":25},"end":{"line":117,"column":59}},"52":{"start":{"line":139,"column":33},"end":{"line":139,"column":88}},"53":{"start":{"line":148,"column":33},"end":{"line":148,"column":86}},"54":{"start":{"line":168,"column":25},"end":{"line":168,"column":47}},"55":{"start":{"line":174,"column":25},"end":{"line":174,"column":50}},"56":{"start":{"line":180,"column":25},"end":{"line":180,"column":51}},"57":{"start":{"line":196,"column":12},"end":{"line":237,"column":18}},"58":{"start":{"line":224,"column":37},"end":{"line":224,"column":77}},"59":{"start":{"line":230,"column":37},"end":{"line":230,"column":79}}},"fnMap":{"0":{"name":"(anonymous_0)","decl":{"start":{"line":6,"column":26},"end":{"line":6,"column":27}},"loc":{"start":{"line":6,"column":43},"end":{"line":243,"column":1}},"line":6},"1":{"name":"(anonymous_1)","decl":{"start":{"line":19,"column":12},"end":{"line":19,"column":13}},"loc":{"start":{"line":19,"column":18},"end":{"line":35,"column":3}},"line":19},"2":{"name":"(anonymous_2)","decl":{"start":{"line":20,"column":26},"end":{"line":20,"column":27}},"loc":{"start":{"line":20,"column":38},"end":{"line":32,"column":5}},"line":20},"3":{"name":"(anonymous_3)","decl":{"start":{"line":38,"column":30},"end":{"line":38,"column":31}},"loc":{"start":{"line":38,"column":43},"end":{"line":80,"column":3}},"line":38},"4":{"name":"(anonymous_4)","decl":{"start":{"line":83,"column":29},"end":{"line":83,"column":30}},"loc":{"start":{"line":83,"column":61},"end":{"line":101,"column":3}},"line":83},"5":{"name":"(anonymous_5)","decl":{"start":{"line":117,"column":19},"end":{"line":117,"column":20}},"loc":{"start":{"line":117,"column":25},"end":{"line":117,"column":59}},"line":117},"6":{"name":"(anonymous_6)","decl":{"start":{"line":139,"column":26},"end":{"line":139,"column":27}},"loc":{"start":{"line":139,"column":33},"end":{"line":139,"column":88}},"line":139},"7":{"name":"(anonymous_7)","decl":{"start":{"line":148,"column":26},"end":{"line":148,"column":27}},"loc":{"start":{"line":148,"column":33},"end":{"line":148,"column":86}},"line":148},"8":{"name":"(anonymous_8)","decl":{"start":{"line":168,"column":19},"end":{"line":168,"column":20}},"loc":{"start":{"line":168,"column":25},"end":{"line":168,"column":47}},"line":168},"9":{"name":"(anonymous_9)","decl":{"start":{"line":174,"column":19},"end":{"line":174,"column":20}},"loc":{"start":{"line":174,"column":25},"end":{"line":174,"column":50}},"line":174},"10":{"name":"(anonymous_10)","decl":{"start":{"line":180,"column":19},"end":{"line":180,"column":20}},"loc":{"start":{"line":180,"column":25},"end":{"line":180,"column":51}},"line":180},"11":{"name":"(anonymous_11)","decl":{"start":{"line":195,"column":23},"end":{"line":195,"column":24}},"loc":{"start":{"line":196,"column":12},"end":{"line":237,"column":18}},"line":196},"12":{"name":"(anonymous_12)","decl":{"start":{"line":224,"column":31},"end":{"line":224,"column":32}},"loc":{"start":{"line":224,"column":37},"end":{"line":224,"column":77}},"line":224},"13":{"name":"(anonymous_13)","decl":{"start":{"line":230,"column":31},"end":{"line":230,"column":32}},"loc":{"start":{"line":230,"column":37},"end":{"line":230,"column":79}},"line":230}},"branchMap":{"0":{"loc":{"start":{"line":24,"column":29},"end":{"line":24,"column":73}},"type":"cond-expr","locations":[{"start":{"line":24,"column":54},"end":{"line":24,"column":58}},{"start":{"line":24,"column":61},"end":{"line":24,"column":73}}],"line":24},"1":{"loc":{"start":{"line":26,"column":20},"end":{"line":26,"column":55}},"type":"binary-expr","locations":[{"start":{"line":26,"column":20},"end":{"line":26,"column":37}},{"start":{"line":26,"column":41},"end":{"line":26,"column":49}},{"start":{"line":26,"column":53},"end":{"line":26,"column":55}}],"line":26},"2":{"loc":{"start":{"line":40,"column":4},"end":{"line":43,"column":5}},"type":"if","locations":[{"start":{"line":40,"column":4},"end":{"line":43,"column":5}},{"start":{},"end":{}}],"line":40},"3":{"loc":{"start":{"line":45,"column":4},"end":{"line":48,"column":5}},"type":"if","locations":[{"start":{"line":45,"column":4},"end":{"line":48,"column":5}},{"start":{},"end":{}}],"line":45},"4":{"loc":{"start":{"line":45,"column":8},"end":{"line":45,"column":48}},"type":"binary-expr","locations":[{"start":{"line":45,"column":8},"end":{"line":45,"column":27}},{"start":{"line":45,"column":31},"end":{"line":45,"column":48}}],"line":45},"5":{"loc":{"start":{"line":72,"column":27},"end":{"line":72,"column":71}},"type":"cond-expr","locations":[{"start":{"line":72,"column":52},"end":{"line":72,"column":56}},{"start":{"line":72,"column":59},"end":{"line":72,"column":71}}],"line":72},"6":{"loc":{"start":{"line":74,"column":18},"end":{"line":74,"column":53}},"type":"binary-expr","locations":[{"start":{"line":74,"column":18},"end":{"line":74,"column":35}},{"start":{"line":74,"column":39},"end":{"line":74,"column":47}},{"start":{"line":74,"column":51},"end":{"line":74,"column":53}}],"line":74},"7":{"loc":{"start":{"line":93,"column":27},"end":{"line":93,"column":71}},"type":"cond-expr","locations":[{"start":{"line":93,"column":52},"end":{"line":93,"column":56}},{"start":{"line":93,"column":59},"end":{"line":93,"column":71}}],"line":93},"8":{"loc":{"start":{"line":95,"column":18},"end":{"line":95,"column":53}},"type":"binary-expr","locations":[{"start":{"line":95,"column":18},"end":{"line":95,"column":35}},{"start":{"line":95,"column":39},"end":{"line":95,"column":47}},{"start":{"line":95,"column":51},"end":{"line":95,"column":53}}],"line":95},"9":{"loc":{"start":{"line":103,"column":2},"end":{"line":109,"column":3}},"type":"if","locations":[{"start":{"line":103,"column":2},"end":{"line":109,"column":3}},{"start":{},"end":{}}],"line":103},"10":{"loc":{"start":{"line":120,"column":11},"end":{"line":120,"column":59}},"type":"cond-expr","locations":[{"start":{"line":120,"column":28},"end":{"line":120,"column":36}},{"start":{"line":120,"column":39},"end":{"line":120,"column":59}}],"line":120},"11":{"loc":{"start":{"line":124,"column":7},"end":{"line":128,"column":7}},"type":"binary-expr","locations":[{"start":{"line":124,"column":7},"end":{"line":124,"column":15}},{"start":{"line":125,"column":8},"end":{"line":127,"column":14}}],"line":124},"12":{"loc":{"start":{"line":130,"column":7},"end":{"line":163,"column":7}},"type":"binary-expr","locations":[{"start":{"line":130,"column":7},"end":{"line":130,"column":21}},{"start":{"line":130,"column":25},"end":{"line":130,"column":32}},{"start":{"line":131,"column":8},"end":{"line":162,"column":14}}],"line":130},"13":{"loc":{"start":{"line":167,"column":21},"end":{"line":167,"column":59}},"type":"cond-expr","locations":[{"start":{"line":167,"column":46},"end":{"line":167,"column":54}},{"start":{"line":167,"column":57},"end":{"line":167,"column":59}}],"line":167},"14":{"loc":{"start":{"line":173,"column":21},"end":{"line":173,"column":62}},"type":"cond-expr","locations":[{"start":{"line":173,"column":49},"end":{"line":173,"column":57}},{"start":{"line":173,"column":60},"end":{"line":173,"column":62}}],"line":173},"15":{"loc":{"start":{"line":179,"column":21},"end":{"line":179,"column":63}},"type":"cond-expr","locations":[{"start":{"line":179,"column":50},"end":{"line":179,"column":58}},{"start":{"line":179,"column":61},"end":{"line":179,"column":63}}],"line":179},"16":{"loc":{"start":{"line":187,"column":9},"end":{"line":187,"column":61}},"type":"binary-expr","locations":[{"start":{"line":187,"column":9},"end":{"line":187,"column":14}},{"start":{"line":187,"column":18},"end":{"line":187,"column":61}}],"line":187},"17":{"loc":{"start":{"line":189,"column":9},"end":{"line":239,"column":9}},"type":"cond-expr","locations":[{"start":{"line":190,"column":10},"end":{"line":193,"column":16}},{"start":{"line":195,"column":10},"end":{"line":238,"column":12}}],"line":189},"18":{"loc":{"start":{"line":192,"column":13},"end":{"line":192,"column":93}},"type":"binary-expr","locations":[{"start":{"line":192,"column":13},"end":{"line":192,"column":35}},{"start":{"line":192,"column":39},"end":{"line":192,"column":93}}],"line":192},"19":{"loc":{"start":{"line":208,"column":19},"end":{"line":210,"column":19}},"type":"binary-expr","locations":[{"start":{"line":208,"column":19},"end":{"line":208,"column":40}},{"start":{"line":209,"column":20},"end":{"line":209,"column":162}}],"line":208},"20":{"loc":{"start":{"line":213,"column":17},"end":{"line":218,"column":17}},"type":"binary-expr","locations":[{"start":{"line":213,"column":17},"end":{"line":213,"column":41}},{"start":{"line":214,"column":18},"end":{"line":217,"column":24}}],"line":213},"21":{"loc":{"start":{"line":220,"column":17},"end":{"line":235,"column":17}},"type":"binary-expr","locations":[{"start":{"line":220,"column":17},"end":{"line":220,"column":45}},{"start":{"line":220,"column":49},"end":{"line":220,"column":56}},{"start":{"line":221,"column":18},"end":{"line":234,"column":24}}],"line":220}},"s":{"0":0,"1":0,"2":0,"3":0,"4":0,"5":0,"6":0,"7":0,"8":0,"9":0,"10":0,"11":0,"12":0,"13":0,"14":0,"15":0,"16":0,"17":0,"18":0,"19":0,"20":0,"21":0,"22":0,"23":0,"24":0,"25":0,"26":0,"27":0,"28":0,"29":0,"30":0,"31":0,"32":0,"33":0,"34":0,"35":0,"36":0,"37":0,"38":0,"39":0,"40":0,"41":0,"42":0,"43":0,"44":0,"45":0,"46":0,"47":0,"48":0,"49":0,"50":0,"51":0,"52":0,"53":0,"54":0,"55":0,"56":0,"57":0,"58":0,"59":0},"f":{"0":0,"1":0,"2":0,"3":0,"4":0,"5":0,"6":0,"7":0,"8":0,"9":0,"10":0,"11":0,"12":0,"13":0},"b":{"0":[0,0],"1":[0,0,0],"2":[0,0],"3":[0,0],"4":[0,0],"5":[0,0],"6":[0,0,0],"7":[0,0],"8":[0,0,0],"9":[0,0],"10":[0,0],"11":[0,0],"12":[0,0,0],"13":[0,0],"14":[0,0],"15":[0,0],"16":[0,0],"17":[0,0],"18":[0,0],"19":[0,0],"20":[0,0],"21":[0,0,0]}}
,"/Users/laynefaler/Documents/GitHub/take-home-assessment/frontend/src/components/PatientDetail.js": {"path":"/Users/laynefaler/Documents/GitHub/take-home-assessment/frontend/src/components/PatientDetail.js","statementMap":{"0":{"start":{"line":5,"column":22},"end":{"line":158,"column":1}},"1":{"start":{"line":6,"column":32},"end":{"line":6,"column":46}},"2":{"start":{"line":7,"column":32},"end":{"line":7,"column":44}},"3":{"start":{"line":8,"column":32},"end":{"line":8,"column":46}},"4":{"start":{"line":9,"column":28},"end":{"line":9,"column":42}},"5":{"start":{"line":12,"column":2},"end":{"line":35,"column":18}},"6":{"start":{"line":13,"column":29},"end":{"line":30,"column":5}},"7":{"start":{"line":14,"column":6},"end":{"line":14,"column":23}},"8":{"start":{"line":15,"column":6},"end":{"line":15,"column":21}},"9":{"start":{"line":16,"column":6},"end":{"line":29,"column":7}},"10":{"start":{"line":18,"column":51},"end":{"line":21,"column":10}},"11":{"start":{"line":23,"column":8},"end":{"line":23,"column":63}},"12":{"start":{"line":24,"column":8},"end":{"line":24,"column":69}},"13":{"start":{"line":26,"column":8},"end":{"line":26,"column":30}},"14":{"start":{"line":28,"column":8},"end":{"line":28,"column":26}},"15":{"start":{"line":32,"column":4},"end":{"line":34,"column":5}},"16":{"start":{"line":33,"column":6},"end":{"line":33,"column":25}},"17":{"start":{"line":37,"column":2},"end":{"line":43,"column":3}},"18":{"start":{"line":38,"column":4},"end":{"line":42,"column":6}},"19":{"start":{"line":45,"column":2},"end":{"line":52,"column":3}},"20":{"start":{"line":46,"column":4},"end":{"line":51,"column":6}},"21":{"start":{"line":54,"column":2},"end":{"line":157,"column":4}},"22":{"start":{"line":116,"column":16},"end":{"line":150,"column":22}}},"fnMap":{"0":{"name":"(anonymous_0)","decl":{"start":{"line":5,"column":22},"end":{"line":5,"column":23}},"loc":{"start":{"line":5,"column":49},"end":{"line":158,"column":1}},"line":5},"1":{"name":"(anonymous_1)","decl":{"start":{"line":12,"column":12},"end":{"line":12,"column":13}},"loc":{"start":{"line":12,"column":18},"end":{"line":35,"column":3}},"line":12},"2":{"name":"(anonymous_2)","decl":{"start":{"line":13,"column":29},"end":{"line":13,"column":30}},"loc":{"start":{"line":13,"column":41},"end":{"line":30,"column":5}},"line":13},"3":{"name":"(anonymous_3)","decl":{"start":{"line":115,"column":27},"end":{"line":115,"column":28}},"loc":{"start":{"line":116,"column":16},"end":{"line":150,"column":22}},"line":116}},"branchMap":{"0":{"loc":{"start":{"line":23,"column":19},"end":{"line":23,"column":61}},"type":"binary-expr","locations":[{"start":{"line":23,"column":19},"end":{"line":23,"column":42}},{"start":{"line":23,"column":46},"end":{"line":23,"column":61}}],"line":23},"1":{"loc":{"start":{"line":24,"column":19},"end":{"line":24,"column":67}},"type":"binary-expr","locations":[{"start":{"line":24,"column":19},"end":{"line":24,"column":42}},{"start":{"line":24,"column":46},"end":{"line":24,"column":61}},{"start":{"line":24,"column":65},"end":{"line":24,"column":67}}],"line":24},"2":{"loc":{"start":{"line":32,"column":4},"end":{"line":34,"column":5}},"type":"if","locations":[{"start":{"line":32,"column":4},"end":{"line":34,"column":5}},{"start":{},"end":{}}],"line":32},"3":{"loc":{"start":{"line":37,"column":2},"end":{"line":43,"column":3}},"type":"if","locations":[{"start":{"line":37,"column":2},"end":{"line":43,"column":3}},{"start":{},"end":{}}],"line":37},"4":{"loc":{"start":{"line":45,"column":2},"end":{"line":52,"column":3}},"type":"if","locations":[{"start":{"line":45,"column":2},"end":{"line":52,"column":3}},{"start":{},"end":{}}],"line":45},"5":{"loc":{"start":{"line":45,"column":6},"end":{"line":45,"column":23}},"type":"binary-expr","locations":[{"start":{"line":45,"column":6},"end":{"line":45,"column":11}},{"start":{"line":45,"column":15},"end":{"line":45,"column":23}}],"line":45},"6":{"loc":{"start":{"line":48,"column":55},"end":{"line":48,"column":83}},"type":"binary-expr","locations":[{"start":{"line":48,"column":55},"end":{"line":48,"column":60}},{"start":{"line":48,"column":64},"end":{"line":48,"column":83}}],"line":48},"7":{"loc":{"start":{"line":84,"column":13},"end":{"line":89,"column":13}},"type":"binary-expr","locations":[{"start":{"line":84,"column":13},"end":{"line":84,"column":26}},{"start":{"line":85,"column":14},"end":{"line":88,"column":20}}],"line":84},"8":{"loc":{"start":{"line":91,"column":13},"end":{"line":96,"column":13}},"type":"binary-expr","locations":[{"start":{"line":91,"column":13},"end":{"line":91,"column":28}},{"start":{"line":92,"column":14},"end":{"line":95,"column":20}}],"line":91},"9":{"loc":{"start":{"line":98,"column":13},"end":{"line":103,"column":13}},"type":"binary-expr","locations":[{"start":{"line":98,"column":13},"end":{"line":98,"column":34}},{"start":{"line":99,"column":14},"end":{"line":102,"column":20}}],"line":98},"10":{"loc":{"start":{"line":109,"column":11},"end":{"line":153,"column":11}},"type":"cond-expr","locations":[{"start":{"line":110,"column":12},"end":{"line":112,"column":18}},{"start":{"line":114,"column":12},"end":{"line":152,"column":18}}],"line":109},"11":{"loc":{"start":{"line":127,"column":23},"end":{"line":127,"column":87}},"type":"binary-expr","locations":[{"start":{"line":127,"column":23},"end":{"line":127,"column":36}},{"start":{"line":127,"column":40},"end":{"line":127,"column":87}}],"line":127},"12":{"loc":{"start":{"line":128,"column":23},"end":{"line":128,"column":93}},"type":"binary-expr","locations":[{"start":{"line":128,"column":23},"end":{"line":128,"column":38}},{"start":{"line":128,"column":42},"end":{"line":128,"column":93}}],"line":128},"13":{"loc":{"start":{"line":136,"column":21},"end":{"line":141,"column":21}},"type":"binary-expr","locations":[{"start":{"line":136,"column":21},"end":{"line":136,"column":44}},{"start":{"line":137,"column":22},"end":{"line":140,"column":28}}],"line":136},"14":{"loc":{"start":{"line":143,"column":21},"end":{"line":148,"column":21}},"type":"binary-expr","locations":[{"start":{"line":143,"column":21},"end":{"line":143,"column":39}},{"start":{"line":144,"column":22},"end":{"line":147,"column":28}}],"line":143}},"s":{"0":0,"1":0,"2":0,"3":0,"4":0,"5":0,"6":0,"7":0,"8":0,"9":0,"10":0,"11":0,"12":0,"13":0,"14":0,"15":0,"16":0,"17":0,"18":0,"19":0,"20":0,"21":0,"22":0},"f":{"0":0,"1":0,"2":0,"3":0},"b":{"0":[0,0],"1":[0,0,0],"2":[0,0],"3":[0,0],"4":[0,0],"5":[0,0],"6":[0,0],"7":[0,0],"8":[0,0],"9":[0,0],"10":[0,0],"11":[0,0],"12":[0,0],"13":[0,0],"14":[0,0]}}
,"/Users/laynefaler/Documents/GitHub/take-home-assessment/frontend/src/components/PatientList.js": {"path":"/Users/laynefaler/Documents/GitHub/take-home-assessment/frontend/src/components/PatientList.js","statementMap":{"0":{"start":{"line":5,"column":20},"end":{"line":121,"column":1}},"1":{"start":{"line":6,"column":34},"end":{"line":6,"column":46}},"2":{"start":{"line":7,"column":32},"end":{"line":7,"column":46}},"3":{"start":{"line":8,"column":28},"end":{"line":8,"column":42}},"4":{"start":{"line":9,"column":38},"end":{"line":9,"column":50}},"5":{"start":{"line":10,"column":40},"end":{"line":10,"column":51}},"6":{"start":{"line":11,"column":38},"end":{"line":11,"column":52}},"7":{"start":{"line":14,"column":24},"end":{"line":26,"column":3}},"8":{"start":{"line":15,"column":4},"end":{"line":15,"column":21}},"9":{"start":{"line":16,"column":4},"end":{"line":16,"column":19}},"10":{"start":{"line":17,"column":4},"end":{"line":25,"column":5}},"11":{"start":{"line":18,"column":23},"end":{"line":18,"column":80}},"12":{"start":{"line":19,"column":6},"end":{"line":19,"column":43}},"13":{"start":{"line":20,"column":6},"end":{"line":20,"column":49}},"14":{"start":{"line":22,"column":6},"end":{"line":22,"column":28}},"15":{"start":{"line":24,"column":6},"end":{"line":24,"column":24}},"16":{"start":{"line":28,"column":2},"end":{"line":30,"column":32}},"17":{"start":{"line":29,"column":4},"end":{"line":29,"column":20}},"18":{"start":{"line":33,"column":23},"end":{"line":37,"column":3}},"19":{"start":{"line":34,"column":18},"end":{"line":34,"column":32}},"20":{"start":{"line":35,"column":4},"end":{"line":35,"column":25}},"21":{"start":{"line":36,"column":4},"end":{"line":36,"column":22}},"22":{"start":{"line":39,"column":2},"end":{"line":45,"column":3}},"23":{"start":{"line":40,"column":4},"end":{"line":44,"column":6}},"24":{"start":{"line":47,"column":2},"end":{"line":53,"column":3}},"25":{"start":{"line":48,"column":4},"end":{"line":52,"column":6}},"26":{"start":{"line":55,"column":2},"end":{"line":120,"column":4}},"27":{"start":{"line":76,"column":12},"end":{"line":91,"column":18}},"28":{"start":{"line":79,"column":29},"end":{"line":79,"column":56}},"29":{"start":{"line":100,"column":27},"end":{"line":100,"column":58}},"30":{"start":{"line":112,"column":27},"end":{"line":112,"column":58}}},"fnMap":{"0":{"name":"(anonymous_0)","decl":{"start":{"line":5,"column":20},"end":{"line":5,"column":21}},"loc":{"start":{"line":5,"column":45},"end":{"line":121,"column":1}},"line":5},"1":{"name":"(anonymous_1)","decl":{"start":{"line":14,"column":24},"end":{"line":14,"column":25}},"loc":{"start":{"line":14,"column":36},"end":{"line":26,"column":3}},"line":14},"2":{"name":"(anonymous_2)","decl":{"start":{"line":28,"column":12},"end":{"line":28,"column":13}},"loc":{"start":{"line":28,"column":18},"end":{"line":30,"column":3}},"line":28},"3":{"name":"(anonymous_3)","decl":{"start":{"line":33,"column":23},"end":{"line":33,"column":24}},"loc":{"start":{"line":33,"column":30},"end":{"line":37,"column":3}},"line":33},"4":{"name":"(anonymous_4)","decl":{"start":{"line":75,"column":23},"end":{"line":75,"column":24}},"loc":{"start":{"line":76,"column":12},"end":{"line":91,"column":18}},"line":76},"5":{"name":"(anonymous_5)","decl":{"start":{"line":79,"column":23},"end":{"line":79,"column":24}},"loc":{"start":{"line":79,"column":29},"end":{"line":79,"column":56}},"line":79},"6":{"name":"(anonymous_6)","decl":{"start":{"line":100,"column":21},"end":{"line":100,"column":22}},"loc":{"start":{"line":100,"column":27},"end":{"line":100,"column":58}},"line":100},"7":{"name":"(anonymous_7)","decl":{"start":{"line":112,"column":21},"end":{"line":112,"column":22}},"loc":{"start":{"line":112,"column":27},"end":{"line":112,"column":58}},"line":112}},"branchMap":{"0":{"loc":{"start":{"line":19,"column":18},"end":{"line":19,"column":41}},"type":"binary-expr","locations":[{"start":{"line":19,"column":18},"end":{"line":19,"column":35}},{"start":{"line":19,"column":39},"end":{"line":19,"column":41}}],"line":19},"1":{"loc":{"start":{"line":20,"column":20},"end":{"line":20,"column":47}},"type":"binary-expr","locations":[{"start":{"line":20,"column":20},"end":{"line":20,"column":39}},{"start":{"line":20,"column":43},"end":{"line":20,"column":47}}],"line":20},"2":{"loc":{"start":{"line":39,"column":2},"end":{"line":45,"column":3}},"type":"if","locations":[{"start":{"line":39,"column":2},"end":{"line":45,"column":3}},{"start":{},"end":{}}],"line":39},"3":{"loc":{"start":{"line":47,"column":2},"end":{"line":53,"column":3}},"type":"if","locations":[{"start":{"line":47,"column":2},"end":{"line":53,"column":3}},{"start":{},"end":{}}],"line":47},"4":{"loc":{"start":{"line":69,"column":9},"end":{"line":93,"column":9}},"type":"cond-expr","locations":[{"start":{"line":70,"column":10},"end":{"line":73,"column":16}},{"start":{"line":75,"column":10},"end":{"line":92,"column":12}}],"line":69},"5":{"loc":{"start":{"line":72,"column":13},"end":{"line":72,"column":64}},"type":"binary-expr","locations":[{"start":{"line":72,"column":13},"end":{"line":72,"column":23}},{"start":{"line":72,"column":27},"end":{"line":72,"column":64}}],"line":72},"6":{"loc":{"start":{"line":89,"column":17},"end":{"line":89,"column":80}},"type":"binary-expr","locations":[{"start":{"line":89,"column":17},"end":{"line":89,"column":30}},{"start":{"line":89,"column":34},"end":{"line":89,"column":80}}],"line":89},"7":{"loc":{"start":{"line":96,"column":7},"end":{"line":118,"column":7}},"type":"binary-expr","locations":[{"start":{"line":96,"column":7},"end":{"line":96,"column":17}},{"start":{"line":97,"column":8},"end":{"line":117,"column":14}}],"line":96}},"s":{"0":0,"1":0,"2":0,"3":0,"4":0,"5":0,"6":0,"7":0,"8":0,"9":0,"10":0,"11":0,"12":0,"13":0,"14":0,"15":0,"16":0,"17":0,"18":0,"19":0,"20":0,"21":0,"22":0,"23":0,"24":0,"25":0,"26":0,"27":0,"28":0,"29":0,"30":0},"f":{"0":0,"1":0,"2":0,"3":0,"4":0,"5":0,"6":0,"7":0},"b":{"0":[0,0],"1":[0,0],"2":[0,0],"3":[0,0],"4":[0,0],"5":[0,0],"6":[0,0],"7":[0,0]}}
,"/Users/laynefaler/Documents/GitHub/take-home-assessment/frontend/src/components/StatsDashboard.js": {"path":"/Users/laynefaler/Documents/GitHub/take-home-assessment/frontend/src/components/StatsDashboard.js","statementMap":{"0":{"start":{"line":5,"column":23},"end":{"line":105,"column":1}},"1":{"start":{"line":6,"column":28},"end":{"line":6,"column":42}},"2":{"start":{"line":7,"column":32},"end":{"line":7,"column":46}},"3":{"start":{"line":8,"column":28},"end":{"line":8,"column":42}},"4":{"start":{"line":11,"column":2},"end":{"line":26,"column":9}},"5":{"start":{"line":12,"column":23},"end":{"line":23,"column":5}},"6":{"start":{"line":13,"column":6},"end":{"line":13,"column":23}},"7":{"start":{"line":14,"column":6},"end":{"line":14,"column":21}},"8":{"start":{"line":15,"column":6},"end":{"line":22,"column":7}},"9":{"start":{"line":16,"column":25},"end":{"line":16,"column":52}},"10":{"start":{"line":17,"column":8},"end":{"line":17,"column":45}},"11":{"start":{"line":19,"column":8},"end":{"line":19,"column":30}},"12":{"start":{"line":21,"column":8},"end":{"line":21,"column":26}},"13":{"start":{"line":25,"column":4},"end":{"line":25,"column":17}},"14":{"start":{"line":28,"column":2},"end":{"line":34,"column":3}},"15":{"start":{"line":29,"column":4},"end":{"line":33,"column":6}},"16":{"start":{"line":36,"column":2},"end":{"line":42,"column":3}},"17":{"start":{"line":37,"column":4},"end":{"line":41,"column":6}},"18":{"start":{"line":44,"column":2},"end":{"line":104,"column":4}}},"fnMap":{"0":{"name":"(anonymous_0)","decl":{"start":{"line":5,"column":23},"end":{"line":5,"column":24}},"loc":{"start":{"line":5,"column":29},"end":{"line":105,"column":1}},"line":5},"1":{"name":"(anonymous_1)","decl":{"start":{"line":11,"column":12},"end":{"line":11,"column":13}},"loc":{"start":{"line":11,"column":18},"end":{"line":26,"column":3}},"line":11},"2":{"name":"(anonymous_2)","decl":{"start":{"line":12,"column":23},"end":{"line":12,"column":24}},"loc":{"start":{"line":12,"column":35},"end":{"line":23,"column":5}},"line":12}},"branchMap":{"0":{"loc":{"start":{"line":17,"column":17},"end":{"line":17,"column":43}},"type":"binary-expr","locations":[{"start":{"line":17,"column":17},"end":{"line":17,"column":31}},{"start":{"line":17,"column":35},"end":{"line":17,"column":43}}],"line":17},"1":{"loc":{"start":{"line":28,"column":2},"end":{"line":34,"column":3}},"type":"if","locations":[{"start":{"line":28,"column":2},"end":{"line":34,"column":3}},{"start":{},"end":{}}],"line":28},"2":{"loc":{"start":{"line":36,"column":2},"end":{"line":42,"column":3}},"type":"if","locations":[{"start":{"line":36,"column":2},"end":{"line":42,"column":3}},{"start":{},"end":{}}],"line":36},"3":{"loc":{"start":{"line":36,"column":6},"end":{"line":36,"column":21}},"type":"binary-expr","locations":[{"start":{"line":36,"column":6},"end":{"line":36,"column":11}},{"start":{"line":36,"column":15},"end":{"line":36,"column":21}}],"line":36},"4":{"loc":{"start":{"line":39,"column":58},"end":{"line":39,"column":86}},"type":"binary-expr","locations":[{"start":{"line":39,"column":58},"end":{"line":39,"column":63}},{"start":{"line":39,"column":67},"end":{"line":39,"column":86}}],"line":39},"5":{"loc":{"start":{"line":53,"column":42},"end":{"line":53,"column":66}},"type":"binary-expr","locations":[{"start":{"line":53,"column":42},"end":{"line":53,"column":61}},{"start":{"line":53,"column":65},"end":{"line":53,"column":66}}],"line":53},"6":{"loc":{"start":{"line":61,"column":42},"end":{"line":61,"column":65}},"type":"binary-expr","locations":[{"start":{"line":61,"column":42},"end":{"line":61,"column":60}},{"start":{"line":61,"column":64},"end":{"line":61,"column":65}}],"line":61},"7":{"loc":{"start":{"line":69,"column":42},"end":{"line":69,"column":66}},"type":"binary-expr","locations":[{"start":{"line":69,"column":42},"end":{"line":69,"column":61}},{"start":{"line":69,"column":65},"end":{"line":69,"column":66}}],"line":69},"8":{"loc":{"start":{"line":77,"column":42},"end":{"line":77,"column":67}},"type":"binary-expr","locations":[{"start":{"line":77,"column":42},"end":{"line":77,"column":62}},{"start":{"line":77,"column":66},"end":{"line":77,"column":67}}],"line":77},"9":{"loc":{"start":{"line":85,"column":42},"end":{"line":85,"column":68}},"type":"binary-expr","locations":[{"start":{"line":85,"column":42},"end":{"line":85,"column":63}},{"start":{"line":85,"column":67},"end":{"line":85,"column":68}}],"line":85},"10":{"loc":{"start":{"line":93,"column":42},"end":{"line":93,"column":70}},"type":"binary-expr","locations":[{"start":{"line":93,"column":42},"end":{"line":93,"column":65}},{"start":{"line":93,"column":69},"end":{"line":93,"column":70}}],"line":93},"11":{"loc":{"start":{"line":98,"column":7},"end":{"line":102,"column":7}},"type":"binary-expr","locations":[{"start":{"line":98,"column":7},"end":{"line":98,"column":24}},{"start":{"line":99,"column":8},"end":{"line":101,"column":14}}],"line":98}},"s":{"0":0,"1":0,"2":0,"3":0,"4":0,"5":0,"6":0,"7":0,"8":0,"9":0,"10":0,"11":0,"12":0,"13":0,"14":0,"15":0,"16":0,"17":0,"18":0},"f":{"0":0,"1":0,"2":0},"b":{"0":[0,0],"1":[0,0],"2":[0,0],"3":[0,0],"4":[0,0],"5":[0,0],"6":[0,0],"7":[0,0],"8":[0,0],"9":[0,0],"10":[0,0],"11":[0,0]}}
,"/Users/laynefaler/Documents/GitHub/take-home-assessment/frontend/src/components/TransactionHistory.js": {"path":"/Users/laynefaler/Documents/GitHub/take-home-assessment/frontend/src/components/TransactionHistory.js","statementMap":{"0":{"start":{"line":5,"column":27},"end":{"line":117,"column":1}},"1":{"start":{"line":6,"column":42},"end":{"line":6,"column":54}},"2":{"start":{"line":7,"column":32},"end":{"line":7,"column":46}},"3":{"start":{"line":8,"column":28},"end":{"line":8,"column":42}},"4":{"start":{"line":11,"column":2},"end":{"line":26,"column":16}},"5":{"start":{"line":12,"column":30},"end":{"line":23,"column":5}},"6":{"start":{"line":13,"column":6},"end":{"line":13,"column":23}},"7":{"start":{"line":14,"column":6},"end":{"line":14,"column":21}},"8":{"start":{"line":15,"column":6},"end":{"line":22,"column":7}},"9":{"start":{"line":16,"column":25},"end":{"line":16,"column":70}},"10":{"start":{"line":17,"column":8},"end":{"line":17,"column":65}},"11":{"start":{"line":19,"column":8},"end":{"line":19,"column":30}},"12":{"start":{"line":21,"column":8},"end":{"line":21,"column":26}},"13":{"start":{"line":25,"column":4},"end":{"line":25,"column":24}},"14":{"start":{"line":28,"column":24},"end":{"line":31,"column":3}},"15":{"start":{"line":29,"column":4},"end":{"line":29,"column":28}},"16":{"start":{"line":29,"column":18},"end":{"line":29,"column":28}},"17":{"start":{"line":30,"column":4},"end":{"line":30,"column":59}},"18":{"start":{"line":33,"column":21},"end":{"line":37,"column":3}},"19":{"start":{"line":34,"column":4},"end":{"line":34,"column":30}},"20":{"start":{"line":34,"column":20},"end":{"line":34,"column":30}},"21":{"start":{"line":35,"column":17},"end":{"line":35,"column":36}},"22":{"start":{"line":36,"column":4},"end":{"line":36,"column":71}},"23":{"start":{"line":39,"column":2},"end":{"line":45,"column":3}},"24":{"start":{"line":40,"column":4},"end":{"line":44,"column":6}},"25":{"start":{"line":47,"column":2},"end":{"line":53,"column":3}},"26":{"start":{"line":48,"column":4},"end":{"line":52,"column":6}},"27":{"start":{"line":55,"column":2},"end":{"line":116,"column":4}},"28":{"start":{"line":75,"column":14},"end":{"line":110,"column":20}}},"fnMap":{"0":{"name":"(anonymous_0)","decl":{"start":{"line":5,"column":27},"end":{"line":5,"column":28}},"loc":{"start":{"line":5,"column":44},"end":{"line":117,"column":1}},"line":5},"1":{"name":"(anonymous_1)","decl":{"start":{"line":11,"column":12},"end":{"line":11,"column":13}},"loc":{"start":{"line":11,"column":18},"end":{"line":26,"column":3}},"line":11},"2":{"name":"(anonymous_2)","decl":{"start":{"line":12,"column":30},"end":{"line":12,"column":31}},"loc":{"start":{"line":12,"column":42},"end":{"line":23,"column":5}},"line":12},"3":{"name":"(anonymous_3)","decl":{"start":{"line":28,"column":24},"end":{"line":28,"column":25}},"loc":{"start":{"line":28,"column":37},"end":{"line":31,"column":3}},"line":28},"4":{"name":"(anonymous_4)","decl":{"start":{"line":33,"column":21},"end":{"line":33,"column":22}},"loc":{"start":{"line":33,"column":36},"end":{"line":37,"column":3}},"line":33},"5":{"name":"(anonymous_5)","decl":{"start":{"line":74,"column":30},"end":{"line":74,"column":31}},"loc":{"start":{"line":75,"column":14},"end":{"line":110,"column":20}},"line":75}},"branchMap":{"0":{"loc":{"start":{"line":17,"column":24},"end":{"line":17,"column":63}},"type":"binary-expr","locations":[{"start":{"line":17,"column":24},"end":{"line":17,"column":45}},{"start":{"line":17,"column":49},"end":{"line":17,"column":57}},{"start":{"line":17,"column":61},"end":{"line":17,"column":63}}],"line":17},"1":{"loc":{"start":{"line":29,"column":4},"end":{"line":29,"column":28}},"type":"if","locations":[{"start":{"line":29,"column":4},"end":{"line":29,"column":28}},{"start":{},"end":{}}],"line":29},"2":{"loc":{"start":{"line":34,"column":4},"end":{"line":34,"column":30}},"type":"if","locations":[{"start":{"line":34,"column":4},"end":{"line":34,"column":30}},{"start":{},"end":{}}],"line":34},"3":{"loc":{"start":{"line":39,"column":2},"end":{"line":45,"column":3}},"type":"if","locations":[{"start":{"line":39,"column":2},"end":{"line":45,"column":3}},{"start":{},"end":{}}],"line":39},"4":{"loc":{"start":{"line":47,"column":2},"end":{"line":53,"column":3}},"type":"if","locations":[{"start":{"line":47,"column":2},"end":{"line":53,"column":3}},{"start":{},"end":{}}],"line":47},"5":{"loc":{"start":{"line":59,"column":9},"end":{"line":63,"column":9}},"type":"binary-expr","locations":[{"start":{"line":59,"column":9},"end":{"line":59,"column":16}},{"start":{"line":60,"column":10},"end":{"line":62,"column":16}}],"line":59},"6":{"loc":{"start":{"line":67,"column":9},"end":{"line":113,"column":9}},"type":"cond-expr","locations":[{"start":{"line":68,"column":10},"end":{"line":71,"column":16}},{"start":{"line":73,"column":10},"end":{"line":112,"column":16}}],"line":67},"7":{"loc":{"start":{"line":70,"column":13},"end":{"line":70,"column":71}},"type":"binary-expr","locations":[{"start":{"line":70,"column":13},"end":{"line":70,"column":20}},{"start":{"line":70,"column":24},"end":{"line":70,"column":71}}],"line":70},"8":{"loc":{"start":{"line":92,"column":61},"end":{"line":92,"column":81}},"type":"binary-expr","locations":[{"start":{"line":92,"column":61},"end":{"line":92,"column":72}},{"start":{"line":92,"column":76},"end":{"line":92,"column":81}}],"line":92},"9":{"loc":{"start":{"line":96,"column":19},"end":{"line":101,"column":19}},"type":"binary-expr","locations":[{"start":{"line":96,"column":19},"end":{"line":96,"column":38}},{"start":{"line":97,"column":20},"end":{"line":100,"column":26}}],"line":96},"10":{"loc":{"start":{"line":103,"column":19},"end":{"line":108,"column":19}},"type":"binary-expr","locations":[{"start":{"line":103,"column":19},"end":{"line":103,"column":30}},{"start":{"line":104,"column":20},"end":{"line":107,"column":26}}],"line":103}},"s":{"0":0,"1":0,"2":0,"3":0,"4":0,"5":0,"6":0,"7":0,"8":0,"9":0,"10":0,"11":0,"12":0,"13":0,"14":0,"15":0,"16":0,"17":0,"18":0,"19":0,"20":0,"21":0,"22":0,"23":0,"24":0,"25":0,"26":0,"27":0,"28":0},"f":{"0":0,"1":0,"2":0,"3":0,"4":0,"5":0},"b":{"0":[0,0,0],"1":[0,0],"2":[0,0],"3":[0,0],"4":[0,0],"5":[0,0],"6":[0,0],"7":[0,0],"8":[0,0],"9":[0,0],"10":[0,0]}}
,"/Users/laynefaler/Documents/GitHub/take-home-assessment/frontend/src/components/WalletConnection.js": {"path":"/Users/laynefaler/Documents/GitHub/take-home-assessment/frontend/src/components/WalletConnection.js","statementMap":{"0":{"start":{"line":4,"column":25},"end":{"line":29,"column":1}},"1":{"start":{"line":5,"column":24},"end":{"line":8,"column":3}},"2":{"start":{"line":6,"column":4},"end":{"line":6,"column":28}},"3":{"start":{"line":6,"column":18},"end":{"line":6,"column":28}},"4":{"start":{"line":7,"column":4},"end":{"line":7,"column":59}},"5":{"start":{"line":10,"column":2},"end":{"line":28,"column":4}}},"fnMap":{"0":{"name":"(anonymous_0)","decl":{"start":{"line":4,"column":25},"end":{"line":4,"column":26}},"loc":{"start":{"line":4,"column":80},"end":{"line":29,"column":1}},"line":4},"1":{"name":"(anonymous_1)","decl":{"start":{"line":5,"column":24},"end":{"line":5,"column":25}},"loc":{"start":{"line":5,"column":37},"end":{"line":8,"column":3}},"line":5}},"branchMap":{"0":{"loc":{"start":{"line":6,"column":4},"end":{"line":6,"column":28}},"type":"if","locations":[{"start":{"line":6,"column":4},"end":{"line":6,"column":28}},{"start":{},"end":{}}],"line":6},"1":{"loc":{"start":{"line":12,"column":7},"end":{"line":26,"column":7}},"type":"cond-expr","locations":[{"start":{"line":13,"column":8},"end":{"line":21,"column":14}},{"start":{"line":23,"column":8},"end":{"line":25,"column":17}}],"line":12}},"s":{"0":0,"1":0,"2":0,"3":0,"4":0,"5":0},"f":{"0":0,"1":0},"b":{"0":[0,0],"1":[0,0]}}
,"/Users/laynefaler/Documents/GitHub/take-home-assessment/frontend/src/hooks/useWeb3.js": {"path":"/Users/laynefaler/Documents/GitHub/take-home-assessment/frontend/src/hooks/useWeb3.js","statementMap":{"0":{"start":{"line":4,"column":23},"end":{"line":97,"column":1}},"1":{"start":{"line":5,"column":32},"end":{"line":5,"column":46}},"2":{"start":{"line":6,"column":40},"end":{"line":6,"column":55}},"3":{"start":{"line":7,"column":34},"end":{"line":7,"column":48}},"4":{"start":{"line":8,"column":30},"end":{"line":8,"column":44}},"5":{"start":{"line":10,"column":2},"end":{"line":42,"column":9}},"6":{"start":{"line":12,"column":4},"end":{"line":41,"column":5}},"7":{"start":{"line":14,"column":6},"end":{"line":21,"column":11}},"8":{"start":{"line":16,"column":10},"end":{"line":20,"column":11}},"9":{"start":{"line":17,"column":12},"end":{"line":17,"column":36}},"10":{"start":{"line":18,"column":12},"end":{"line":18,"column":33}},"11":{"start":{"line":19,"column":12},"end":{"line":19,"column":33}},"12":{"start":{"line":24,"column":6},"end":{"line":35,"column":9}},"13":{"start":{"line":25,"column":8},"end":{"line":34,"column":9}},"14":{"start":{"line":26,"column":10},"end":{"line":26,"column":34}},"15":{"start":{"line":27,"column":10},"end":{"line":27,"column":31}},"16":{"start":{"line":28,"column":10},"end":{"line":28,"column":31}},"17":{"start":{"line":30,"column":10},"end":{"line":30,"column":27}},"18":{"start":{"line":31,"column":10},"end":{"line":31,"column":32}},"19":{"start":{"line":32,"column":10},"end":{"line":32,"column":28}},"20":{"start":{"line":33,"column":10},"end":{"line":33,"column":26}},"21":{"start":{"line":38,"column":6},"end":{"line":40,"column":9}},"22":{"start":{"line":39,"column":8},"end":{"line":39,"column":33}},"23":{"start":{"line":44,"column":29},"end":{"line":50,"column":3}},"24":{"start":{"line":45,"column":4},"end":{"line":49,"column":5}},"25":{"start":{"line":46,"column":27},"end":{"line":46,"column":70}},"26":{"start":{"line":47,"column":6},"end":{"line":47,"column":32}},"27":{"start":{"line":48,"column":6},"end":{"line":48,"column":55}},"28":{"start":{"line":48,"column":41},"end":{"line":48,"column":53}},"29":{"start":{"line":52,"column":24},"end":{"line":72,"column":3}},"30":{"start":{"line":53,"column":4},"end":{"line":71,"column":5}},"31":{"start":{"line":54,"column":6},"end":{"line":57,"column":7}},"32":{"start":{"line":55,"column":8},"end":{"line":55,"column":65}},"33":{"start":{"line":56,"column":8},"end":{"line":56,"column":15}},"34":{"start":{"line":59,"column":23},"end":{"line":61,"column":8}},"35":{"start":{"line":63,"column":6},"end":{"line":67,"column":7}},"36":{"start":{"line":64,"column":8},"end":{"line":64,"column":32}},"37":{"start":{"line":65,"column":8},"end":{"line":65,"column":29}},"38":{"start":{"line":66,"column":8},"end":{"line":66,"column":29}},"39":{"start":{"line":69,"column":6},"end":{"line":69,"column":55}},"40":{"start":{"line":70,"column":6},"end":{"line":70,"column":59}},"41":{"start":{"line":74,"column":27},"end":{"line":79,"column":3}},"42":{"start":{"line":75,"column":4},"end":{"line":75,"column":21}},"43":{"start":{"line":76,"column":4},"end":{"line":76,"column":26}},"44":{"start":{"line":77,"column":4},"end":{"line":77,"column":22}},"45":{"start":{"line":78,"column":4},"end":{"line":78,"column":20}},"46":{"start":{"line":81,"column":22},"end":{"line":86,"column":3}},"47":{"start":{"line":82,"column":4},"end":{"line":84,"column":5}},"48":{"start":{"line":83,"column":6},"end":{"line":83,"column":46}},"49":{"start":{"line":85,"column":4},"end":{"line":85,"column":45}},"50":{"start":{"line":88,"column":2},"end":{"line":96,"column":4}}},"fnMap":{"0":{"name":"(anonymous_0)","decl":{"start":{"line":4,"column":23},"end":{"line":4,"column":24}},"loc":{"start":{"line":4,"column":29},"end":{"line":97,"column":1}},"line":4},"1":{"name":"(anonymous_1)","decl":{"start":{"line":10,"column":12},"end":{"line":10,"column":13}},"loc":{"start":{"line":10,"column":18},"end":{"line":42,"column":3}},"line":10},"2":{"name":"(anonymous_2)","decl":{"start":{"line":15,"column":14},"end":{"line":15,"column":15}},"loc":{"start":{"line":15,"column":26},"end":{"line":21,"column":9}},"line":15},"3":{"name":"(anonymous_3)","decl":{"start":{"line":24,"column":44},"end":{"line":24,"column":45}},"loc":{"start":{"line":24,"column":58},"end":{"line":35,"column":7}},"line":24},"4":{"name":"(anonymous_4)","decl":{"start":{"line":38,"column":41},"end":{"line":38,"column":42}},"loc":{"start":{"line":38,"column":47},"end":{"line":40,"column":7}},"line":38},"5":{"name":"(anonymous_5)","decl":{"start":{"line":44,"column":29},"end":{"line":44,"column":30}},"loc":{"start":{"line":44,"column":35},"end":{"line":50,"column":3}},"line":44},"6":{"name":"(anonymous_6)","decl":{"start":{"line":48,"column":36},"end":{"line":48,"column":37}},"loc":{"start":{"line":48,"column":41},"end":{"line":48,"column":53}},"line":48},"7":{"name":"(anonymous_7)","decl":{"start":{"line":52,"column":24},"end":{"line":52,"column":25}},"loc":{"start":{"line":52,"column":36},"end":{"line":72,"column":3}},"line":52},"8":{"name":"(anonymous_8)","decl":{"start":{"line":74,"column":27},"end":{"line":74,"column":28}},"loc":{"start":{"line":74,"column":33},"end":{"line":79,"column":3}},"line":74},"9":{"name":"(anonymous_9)","decl":{"start":{"line":81,"column":22},"end":{"line":81,"column":23}},"loc":{"start":{"line":81,"column":41},"end":{"line":86,"column":3}},"line":81}},"branchMap":{"0":{"loc":{"start":{"line":12,"column":4},"end":{"line":41,"column":5}},"type":"if","locations":[{"start":{"line":12,"column":4},"end":{"line":41,"column":5}},{"start":{},"end":{}}],"line":12},"1":{"loc":{"start":{"line":16,"column":10},"end":{"line":20,"column":11}},"type":"if","locations":[{"start":{"line":16,"column":10},"end":{"line":20,"column":11}},{"start":{},"end":{}}],"line":16},"2":{"loc":{"start":{"line":25,"column":8},"end":{"line":34,"column":9}},"type":"if","locations":[{"start":{"line":25,"column":8},"end":{"line":34,"column":9}},{"start":{"line":29,"column":15},"end":{"line":34,"column":9}}],"line":25},"3":{"loc":{"start":{"line":45,"column":4},"end":{"line":49,"column":5}},"type":"if","locations":[{"start":{"line":45,"column":4},"end":{"line":49,"column":5}},{"start":{},"end":{}}],"line":45},"4":{"loc":{"start":{"line":54,"column":6},"end":{"line":57,"column":7}},"type":"if","locations":[{"start":{"line":54,"column":6},"end":{"line":57,"column":7}},{"start":{},"end":{}}],"line":54},"5":{"loc":{"start":{"line":63,"column":6},"end":{"line":67,"column":7}},"type":"if","locations":[{"start":{"line":63,"column":6},"end":{"line":67,"column":7}},{"start":{},"end":{}}],"line":63},"6":{"loc":{"start":{"line":82,"column":4},"end":{"line":84,"column":5}},"type":"if","locations":[{"start":{"line":82,"column":4},"end":{"line":84,"column":5}},{"start":{},"end":{}}],"line":82}},"s":{"0":0,"1":0,"2":0,"3":0,"4":0,"5":0,"6":0,"7":0,"8":0,"9":0,"10":0,"11":0,"12":0,"13":0,"14":0,"15":0,"16":0,"17":0,"18":0,"19":0,"20":0,"21":0,"22":0,"23":0,"24":0,"25":0,"26":0,"27":0,"28":0,"29":0,"30":0,"31":0,"32":0,"33":0,"34":0,"35":0,"36":0,"37":0,"38":0,"39":0,"40":0,"41":0,"42":0,"43":0,"44":0,"45":0,"46":0,"47":0,"48":0,"49":0,"50":0},"f":{"0":0,"1":0,"2":0,"3":0,"4":0,"5":0,"6":0,"7":0,"8":0,"9":0},"b":{"0":[0,0],"1":[0,0],"2":[0,0],"3":[0,0],"4":[0,0],"5":[0,0],"6":[0,0]}}
,"/Users/laynefaler/Documents/GitHub/take-home-assessment/frontend/src/services/apiService.js": {"path":"/Users/laynefaler/Documents/GitHub/take-home-assessment/frontend/src/services/apiService.js","statementMap":{"0":{"start":{"line":3,"column":21},"end":{"line":3,"column":81}},"1":{"start":{"line":5,"column":12},"end":{"line":10,"column":2}},"2":{"start":{"line":12,"column":26},"end":{"line":86,"column":1}},"3":{"start":{"line":15,"column":21},"end":{"line":15,"column":45}},"4":{"start":{"line":16,"column":4},"end":{"line":16,"column":25}},"5":{"start":{"line":21,"column":21},"end":{"line":23,"column":6}},"6":{"start":{"line":24,"column":4},"end":{"line":24,"column":25}},"7":{"start":{"line":28,"column":21},"end":{"line":28,"column":53}},"8":{"start":{"line":29,"column":4},"end":{"line":29,"column":25}},"9":{"start":{"line":33,"column":21},"end":{"line":33,"column":68}},"10":{"start":{"line":34,"column":4},"end":{"line":34,"column":25}},"11":{"start":{"line":39,"column":19},"end":{"line":39,"column":21}},"12":{"start":{"line":40,"column":4},"end":{"line":40,"column":48}},"13":{"start":{"line":40,"column":19},"end":{"line":40,"column":48}},"14":{"start":{"line":41,"column":4},"end":{"line":41,"column":39}},"15":{"start":{"line":41,"column":16},"end":{"line":41,"column":39}},"16":{"start":{"line":43,"column":21},"end":{"line":43,"column":59}},"17":{"start":{"line":44,"column":4},"end":{"line":44,"column":25}},"18":{"start":{"line":48,"column":21},"end":{"line":48,"column":53}},"19":{"start":{"line":49,"column":4},"end":{"line":49,"column":25}},"20":{"start":{"line":53,"column":21},"end":{"line":53,"column":61}},"21":{"start":{"line":54,"column":4},"end":{"line":54,"column":25}},"22":{"start":{"line":58,"column":21},"end":{"line":58,"column":64}},"23":{"start":{"line":59,"column":4},"end":{"line":59,"column":25}},"24":{"start":{"line":64,"column":19},"end":{"line":64,"column":28}},"25":{"start":{"line":65,"column":4},"end":{"line":65,"column":60}},"26":{"start":{"line":65,"column":23},"end":{"line":65,"column":60}},"27":{"start":{"line":67,"column":21},"end":{"line":67,"column":63}},"28":{"start":{"line":68,"column":4},"end":{"line":68,"column":25}},"29":{"start":{"line":73,"column":21},"end":{"line":77,"column":6}},"30":{"start":{"line":78,"column":4},"end":{"line":78,"column":25}},"31":{"start":{"line":83,"column":21},"end":{"line":83,"column":44}},"32":{"start":{"line":84,"column":4},"end":{"line":84,"column":25}}},"fnMap":{"0":{"name":"(anonymous_0)","decl":{"start":{"line":14,"column":15},"end":{"line":14,"column":16}},"loc":{"start":{"line":14,"column":27},"end":{"line":17,"column":3}},"line":14},"1":{"name":"(anonymous_1)","decl":{"start":{"line":20,"column":15},"end":{"line":20,"column":16}},"loc":{"start":{"line":20,"column":60},"end":{"line":25,"column":3}},"line":20},"2":{"name":"(anonymous_2)","decl":{"start":{"line":27,"column":14},"end":{"line":27,"column":15}},"loc":{"start":{"line":27,"column":28},"end":{"line":30,"column":3}},"line":27},"3":{"name":"(anonymous_3)","decl":{"start":{"line":32,"column":21},"end":{"line":32,"column":22}},"loc":{"start":{"line":32,"column":42},"end":{"line":35,"column":3}},"line":32},"4":{"name":"(anonymous_4)","decl":{"start":{"line":38,"column":15},"end":{"line":38,"column":16}},"loc":{"start":{"line":38,"column":58},"end":{"line":45,"column":3}},"line":38},"5":{"name":"(anonymous_5)","decl":{"start":{"line":47,"column":14},"end":{"line":47,"column":15}},"loc":{"start":{"line":47,"column":28},"end":{"line":50,"column":3}},"line":47},"6":{"name":"(anonymous_6)","decl":{"start":{"line":52,"column":17},"end":{"line":52,"column":18}},"loc":{"start":{"line":52,"column":40},"end":{"line":55,"column":3}},"line":52},"7":{"name":"(anonymous_7)","decl":{"start":{"line":57,"column":17},"end":{"line":57,"column":18}},"loc":{"start":{"line":57,"column":40},"end":{"line":60,"column":3}},"line":57},"8":{"name":"(anonymous_8)","decl":{"start":{"line":63,"column":19},"end":{"line":63,"column":20}},"loc":{"start":{"line":63,"column":63},"end":{"line":69,"column":3}},"line":63},"9":{"name":"(anonymous_9)","decl":{"start":{"line":72,"column":19},"end":{"line":72,"column":20}},"loc":{"start":{"line":72,"column":58},"end":{"line":79,"column":3}},"line":72},"10":{"name":"(anonymous_10)","decl":{"start":{"line":82,"column":12},"end":{"line":82,"column":13}},"loc":{"start":{"line":82,"column":24},"end":{"line":85,"column":3}},"line":82}},"branchMap":{"0":{"loc":{"start":{"line":3,"column":21},"end":{"line":3,"column":81}},"type":"binary-expr","locations":[{"start":{"line":3,"column":21},"end":{"line":3,"column":50}},{"start":{"line":3,"column":54},"end":{"line":3,"column":81}}],"line":3},"1":{"loc":{"start":{"line":20,"column":22},"end":{"line":20,"column":30}},"type":"default-arg","locations":[{"start":{"line":20,"column":29},"end":{"line":20,"column":30}}],"line":20},"2":{"loc":{"start":{"line":20,"column":32},"end":{"line":20,"column":42}},"type":"default-arg","locations":[{"start":{"line":20,"column":40},"end":{"line":20,"column":42}}],"line":20},"3":{"loc":{"start":{"line":20,"column":44},"end":{"line":20,"column":55}},"type":"default-arg","locations":[{"start":{"line":20,"column":53},"end":{"line":20,"column":55}}],"line":20},"4":{"loc":{"start":{"line":38,"column":22},"end":{"line":38,"column":38}},"type":"default-arg","locations":[{"start":{"line":38,"column":34},"end":{"line":38,"column":38}}],"line":38},"5":{"loc":{"start":{"line":38,"column":40},"end":{"line":38,"column":53}},"type":"default-arg","locations":[{"start":{"line":38,"column":49},"end":{"line":38,"column":53}}],"line":38},"6":{"loc":{"start":{"line":40,"column":4},"end":{"line":40,"column":48}},"type":"if","locations":[{"start":{"line":40,"column":4},"end":{"line":40,"column":48}},{"start":{},"end":{}}],"line":40},"7":{"loc":{"start":{"line":41,"column":4},"end":{"line":41,"column":39}},"type":"if","locations":[{"start":{"line":41,"column":4},"end":{"line":41,"column":39}},{"start":{},"end":{}}],"line":41},"8":{"loc":{"start":{"line":63,"column":26},"end":{"line":63,"column":46}},"type":"default-arg","locations":[{"start":{"line":63,"column":42},"end":{"line":63,"column":46}}],"line":63},"9":{"loc":{"start":{"line":63,"column":48},"end":{"line":63,"column":58}},"type":"default-arg","locations":[{"start":{"line":63,"column":56},"end":{"line":63,"column":58}}],"line":63},"10":{"loc":{"start":{"line":65,"column":4},"end":{"line":65,"column":60}},"type":"if","locations":[{"start":{"line":65,"column":4},"end":{"line":65,"column":60}},{"start":{},"end":{}}],"line":65}},"s":{"0":0,"1":0,"2":0,"3":0,"4":0,"5":0,"6":0,"7":0,"8":0,"9":0,"10":0,"11":0,"12":0,"13":0,"14":0,"15":0,"16":0,"17":0,"18":0,"19":0,"20":0,"21":0,"22":0,"23":0,"24":0,"25":0,"26":0,"27":0,"28":0,"29":0,"30":0,"31":0,"32":0},"f":{"0":0,"1":0,"2":0,"3":0,"4":0,"5":0,"6":0,"7":0,"8":0,"9":0,"10":0},"b":{"0":[0,0],"1":[0],"2":[0],"3":[0],"4":[0],"5":[0],"6":[0,0],"7":[0,0],"8":[0],"9":[0],"10":[0,0]}}
}
